Determining if the pthread_create exist failed with the following output:
Change Dir: /home/kobus/Kobus/clion_workspace/Pipeline-NUC-imagestab-experiment/cmake-build-debug/CMakeFiles/CMakeTmp

Run Build Command:"/usr/bin/make" "cmTC_0516e/fast"
/usr/bin/make -f CMakeFiles/cmTC_0516e.dir/build.make CMakeFiles/cmTC_0516e.dir/build
make[1]: Entering directory `/home/kobus/Kobus/clion_workspace/Pipeline-NUC-imagestab-experiment/cmake-build-debug/CMakeFiles/CMakeTmp'
Building C object CMakeFiles/cmTC_0516e.dir/CheckSymbolExists.c.o
/usr/bin/cc    -o CMakeFiles/cmTC_0516e.dir/CheckSymbolExists.c.o   -c /home/kobus/Kobus/clion_workspace/Pipeline-NUC-imagestab-experiment/cmake-build-debug/CMakeFiles/CMakeTmp/CheckSymbolExists.c
Linking C executable cmTC_0516e
/home/kobus/Downloads/clion-2017.2.2/bin/cmake/bin/cmake -E cmake_link_script CMakeFiles/cmTC_0516e.dir/link.txt --verbose=1
/usr/bin/cc      CMakeFiles/cmTC_0516e.dir/CheckSymbolExists.c.o  -o cmTC_0516e 
CMakeFiles/cmTC_0516e.dir/CheckSymbolExists.c.o: In function `main':
CheckSymbolExists.c:(.text+0x16): undefined reference to `pthread_create'
collect2: error: ld returned 1 exit status
make[1]: *** [cmTC_0516e] Error 1
make[1]: Leaving directory `/home/kobus/Kobus/clion_workspace/Pipeline-NUC-imagestab-experiment/cmake-build-debug/CMakeFiles/CMakeTmp'
make: *** [cmTC_0516e/fast] Error 2

File /home/kobus/Kobus/clion_workspace/Pipeline-NUC-imagestab-experiment/cmake-build-debug/CMakeFiles/CMakeTmp/CheckSymbolExists.c:
/* */
#include <pthread.h>

int main(int argc, char** argv)
{
  (void)argv;
#ifndef pthread_create
  return ((int*)(&pthread_create))[argc];
#else
  (void)argc;
  return 0;
#endif
}

Determining if the function pthread_create exists in the pthreads failed with the following output:
Change Dir: /home/kobus/Kobus/clion_workspace/Pipeline-NUC-imagestab-experiment/cmake-build-debug/CMakeFiles/CMakeTmp

Run Build Command:"/usr/bin/make" "cmTC_d46fb/fast"
/usr/bin/make -f CMakeFiles/cmTC_d46fb.dir/build.make CMakeFiles/cmTC_d46fb.dir/build
make[1]: Entering directory `/home/kobus/Kobus/clion_workspace/Pipeline-NUC-imagestab-experiment/cmake-build-debug/CMakeFiles/CMakeTmp'
Building C object CMakeFiles/cmTC_d46fb.dir/CheckFunctionExists.c.o
/usr/bin/cc   -DCHECK_FUNCTION_EXISTS=pthread_create   -o CMakeFiles/cmTC_d46fb.dir/CheckFunctionExists.c.o   -c /home/kobus/Downloads/clion-2017.2.2/bin/cmake/share/cmake-3.8/Modules/CheckFunctionExists.c
Linking C executable cmTC_d46fb
/home/kobus/Downloads/clion-2017.2.2/bin/cmake/bin/cmake -E cmake_link_script CMakeFiles/cmTC_d46fb.dir/link.txt --verbose=1
/usr/bin/cc  -DCHECK_FUNCTION_EXISTS=pthread_create    CMakeFiles/cmTC_d46fb.dir/CheckFunctionExists.c.o  -o cmTC_d46fb -lpthreads 
/usr/bin/ld: cannot find -lpthreads
collect2: error: ld returned 1 exit status
make[1]: *** [cmTC_d46fb] Error 1
make[1]: Leaving directory `/home/kobus/Kobus/clion_workspace/Pipeline-NUC-imagestab-experiment/cmake-build-debug/CMakeFiles/CMakeTmp'
make: *** [cmTC_d46fb/fast] Error 2


